<?xml version="1.0" encoding="UTF-8"?>
<!-- Generated by org.testng.reporters.JUnitXMLReporter -->
<testsuite ignored="0" hostname="DESKTOP-OGNOMB7" failures="0" tests="2" name="Default test" time="29.614" errors="0" timestamp="2024-12-02T22:54:42 IST">
  <testcase classname="com.jala.qa.testlayer.CreaeEmployeeTestPage" name="validateEmployeePage" time="2.155"/>
  <testcase classname="com.jala.qa.testlayer.CreaeEmployeeTestPage" name="validateEmployeePage" time="1.771"/>
</testsuite> <!-- Default test -->
