<?xml version="1.0" encoding="UTF-8"?>
<!-- Generated by org.testng.reporters.JUnitXMLReporter -->
<testsuite ignored="0" hostname="DESKTOP-OGNOMB7" failures="0" tests="4" name="Default test" time="73.509" errors="0" timestamp="2024-12-03T22:01:16 IST">
  <testcase classname="com.jala.qa.testlayer.CreaeEmployeeTestPage" name="validateEmployeePage" time="2.419"/>
  <testcase classname="com.jala.qa.testlayer.CreaeEmployeeTestPage" name="validateEmployeePage" time="2.164"/>
  <testcase classname="com.jala.qa.testlayer.CreaeEmployeeTestPage" name="validateEmployeePage" time="2.208"/>
  <testcase classname="com.jala.qa.testlayer.CreaeEmployeeTestPage" name="validateEmployeePage" time="2.403"/>
</testsuite> <!-- Default test -->
