<?xml version="1.0" encoding="UTF-8"?>
<testng-results ignored="0" total="4" passed="4" failed="0" skipped="0">
  <reporter-output>
  </reporter-output>
  <suite started-at="2024-12-03T21:49:20 IST" name="Default suite" finished-at="2024-12-03T21:50:39 IST" duration-ms="79538">
    <groups>
    </groups>
    <test started-at="2024-12-03T21:49:20 IST" name="Default test" finished-at="2024-12-03T21:50:39 IST" duration-ms="79538">
      <class name="com.jala.qa.testlayer.CreaeEmployeeTestPage">
        <test-method is-config="true" signature="setUp()[pri:0, instance:com.jala.qa.testlayer.CreaeEmployeeTestPage@58d75e99]" started-at="2024-12-03T21:49:22 IST" name="setUp" finished-at="2024-12-03T21:49:36 IST" duration-ms="13679" status="PASS">
          <reporter-output>
          </reporter-output>
        </test-method> <!-- setUp -->
        <test-method signature="validateEmployeePage(java.lang.String,java.lang.String,java.lang.String,java.lang.String,java.lang.String,java.lang.String)[pri:0, instance:com.jala.qa.testlayer.CreaeEmployeeTestPage@58d75e99]" started-at="2024-12-03T21:49:36 IST" name="validateEmployeePage" data-provider="getdataFromExcelSheet" finished-at="2024-12-03T21:49:38 IST" duration-ms="2332" status="PASS">
          <params>
            <param index="0">
              <value>
                <![CDATA[abc]]>
              </value>
            </param>
            <param index="1">
              <value>
                <![CDATA[xyz]]>
              </value>
            </param>
            <param index="2">
              <value>
                <![CDATA[abc@gmail.co]]>
              </value>
            </param>
            <param index="3">
              <value>
                <![CDATA[8.474837934E9]]>
              </value>
            </param>
            <param index="4">
              <value>
                <![CDATA[15-Oct-2024]]>
              </value>
            </param>
            <param index="5">
              <value>
                <![CDATA[pune]]>
              </value>
            </param>
          </params>
          <reporter-output>
          </reporter-output>
        </test-method> <!-- validateEmployeePage -->
        <test-method is-config="true" signature="tearDown()[pri:0, instance:com.jala.qa.testlayer.CreaeEmployeeTestPage@58d75e99]" started-at="2024-12-03T21:49:38 IST" name="tearDown" finished-at="2024-12-03T21:49:43 IST" duration-ms="4764" status="PASS">
          <reporter-output>
          </reporter-output>
        </test-method> <!-- tearDown -->
        <test-method is-config="true" signature="setUp()[pri:0, instance:com.jala.qa.testlayer.CreaeEmployeeTestPage@58d75e99]" started-at="2024-12-03T21:49:43 IST" name="setUp" finished-at="2024-12-03T21:49:53 IST" duration-ms="9874" status="PASS">
          <reporter-output>
          </reporter-output>
        </test-method> <!-- setUp -->
        <test-method signature="validateEmployeePage(java.lang.String,java.lang.String,java.lang.String,java.lang.String,java.lang.String,java.lang.String)[pri:0, instance:com.jala.qa.testlayer.CreaeEmployeeTestPage@58d75e99]" started-at="2024-12-03T21:49:53 IST" name="validateEmployeePage" data-provider="getdataFromExcelSheet" finished-at="2024-12-03T21:49:56 IST" duration-ms="2838" status="PASS">
          <params>
            <param index="0">
              <value>
                <![CDATA[pqa]]>
              </value>
            </param>
            <param index="1">
              <value>
                <![CDATA[gns]]>
              </value>
            </param>
            <param index="2">
              <value>
                <![CDATA[pqr@gmail.com]]>
              </value>
            </param>
            <param index="3">
              <value>
                <![CDATA[6.578953622E9]]>
              </value>
            </param>
            <param index="4">
              <value>
                <![CDATA[19-Nov-2004]]>
              </value>
            </param>
            <param index="5">
              <value>
                <![CDATA[delhi]]>
              </value>
            </param>
          </params>
          <reporter-output>
          </reporter-output>
        </test-method> <!-- validateEmployeePage -->
        <test-method is-config="true" signature="tearDown()[pri:0, instance:com.jala.qa.testlayer.CreaeEmployeeTestPage@58d75e99]" started-at="2024-12-03T21:49:56 IST" name="tearDown" finished-at="2024-12-03T21:50:00 IST" duration-ms="4806" status="PASS">
          <reporter-output>
          </reporter-output>
        </test-method> <!-- tearDown -->
        <test-method is-config="true" signature="setUp()[pri:0, instance:com.jala.qa.testlayer.CreaeEmployeeTestPage@58d75e99]" started-at="2024-12-03T21:50:00 IST" name="setUp" finished-at="2024-12-03T21:50:13 IST" duration-ms="12778" status="PASS">
          <reporter-output>
          </reporter-output>
        </test-method> <!-- setUp -->
        <test-method signature="validateEmployeePage(java.lang.String,java.lang.String,java.lang.String,java.lang.String,java.lang.String,java.lang.String)[pri:0, instance:com.jala.qa.testlayer.CreaeEmployeeTestPage@58d75e99]" started-at="2024-12-03T21:50:13 IST" name="validateEmployeePage" data-provider="getdataFromExcelSheet" finished-at="2024-12-03T21:50:16 IST" duration-ms="2477" status="PASS">
          <params>
            <param index="0">
              <value>
                <![CDATA[xyz]]>
              </value>
            </param>
            <param index="1">
              <value>
                <![CDATA[pwq]]>
              </value>
            </param>
            <param index="2">
              <value>
                <![CDATA[azy@com.com]]>
              </value>
            </param>
            <param index="3">
              <value>
                <![CDATA[9.867437483E9]]>
              </value>
            </param>
            <param index="4">
              <value>
                <![CDATA[23-Oct-2005]]>
              </value>
            </param>
            <param index="5">
              <value>
                <![CDATA[hyderabad]]>
              </value>
            </param>
          </params>
          <reporter-output>
          </reporter-output>
        </test-method> <!-- validateEmployeePage -->
        <test-method is-config="true" signature="tearDown()[pri:0, instance:com.jala.qa.testlayer.CreaeEmployeeTestPage@58d75e99]" started-at="2024-12-03T21:50:16 IST" name="tearDown" finished-at="2024-12-03T21:50:20 IST" duration-ms="4832" status="PASS">
          <reporter-output>
          </reporter-output>
        </test-method> <!-- tearDown -->
        <test-method is-config="true" signature="setUp()[pri:0, instance:com.jala.qa.testlayer.CreaeEmployeeTestPage@58d75e99]" started-at="2024-12-03T21:50:20 IST" name="setUp" finished-at="2024-12-03T21:50:32 IST" duration-ms="11557" status="PASS">
          <reporter-output>
          </reporter-output>
        </test-method> <!-- setUp -->
        <test-method signature="validateEmployeePage(java.lang.String,java.lang.String,java.lang.String,java.lang.String,java.lang.String,java.lang.String)[pri:0, instance:com.jala.qa.testlayer.CreaeEmployeeTestPage@58d75e99]" started-at="2024-12-03T21:50:32 IST" name="validateEmployeePage" data-provider="getdataFromExcelSheet" finished-at="2024-12-03T21:50:34 IST" duration-ms="2416" status="PASS">
          <params>
            <param index="0">
              <value>
                <![CDATA[pqa]]>
              </value>
            </param>
            <param index="1">
              <value>
                <![CDATA[gns]]>
              </value>
            </param>
            <param index="2">
              <value>
                <![CDATA[pqr@gmail.com]]>
              </value>
            </param>
            <param index="3">
              <value>
                <![CDATA[6.578953622E9]]>
              </value>
            </param>
            <param index="4">
              <value>
                <![CDATA[19-Nov-2004]]>
              </value>
            </param>
            <param index="5">
              <value>
                <![CDATA[delhi]]>
              </value>
            </param>
          </params>
          <reporter-output>
          </reporter-output>
        </test-method> <!-- validateEmployeePage -->
        <test-method is-config="true" signature="tearDown()[pri:0, instance:com.jala.qa.testlayer.CreaeEmployeeTestPage@58d75e99]" started-at="2024-12-03T21:50:34 IST" name="tearDown" finished-at="2024-12-03T21:50:39 IST" duration-ms="4705" status="PASS">
          <reporter-output>
          </reporter-output>
        </test-method> <!-- tearDown -->
      </class> <!-- com.jala.qa.testlayer.CreaeEmployeeTestPage -->
    </test> <!-- Default test -->
  </suite> <!-- Default suite -->
</testng-results>
