<?xml version="1.0" encoding="UTF-8"?>
<testng-results ignored="0" total="2" passed="2" failed="0" skipped="0">
  <reporter-output>
  </reporter-output>
  <suite started-at="2024-12-02T22:54:12 IST" name="Default suite" finished-at="2024-12-02T22:54:42 IST" duration-ms="29614">
    <groups>
    </groups>
    <test started-at="2024-12-02T22:54:12 IST" name="Default test" finished-at="2024-12-02T22:54:42 IST" duration-ms="29614">
      <class name="com.jala.qa.testlayer.CreaeEmployeeTestPage">
        <test-method is-config="true" signature="setUp()[pri:0, instance:com.jala.qa.testlayer.CreaeEmployeeTestPage@611889f4]" started-at="2024-12-02T22:54:12 IST" name="setUp" finished-at="2024-12-02T22:54:24 IST" duration-ms="11786" status="PASS">
          <reporter-output>
          </reporter-output>
        </test-method> <!-- setUp -->
        <test-method signature="validateEmployeePage(java.lang.String,java.lang.String)[pri:0, instance:com.jala.qa.testlayer.CreaeEmployeeTestPage@611889f4]" started-at="2024-12-02T22:54:24 IST" name="validateEmployeePage" data-provider="addData" finished-at="2024-12-02T22:54:26 IST" duration-ms="2155" status="PASS">
          <params>
            <param index="0">
              <value>
                <![CDATA[mayur]]>
              </value>
            </param>
            <param index="1">
              <value>
                <![CDATA[xyz]]>
              </value>
            </param>
          </params>
          <reporter-output>
          </reporter-output>
        </test-method> <!-- validateEmployeePage -->
        <test-method is-config="true" signature="setUp()[pri:0, instance:com.jala.qa.testlayer.CreaeEmployeeTestPage@611889f4]" started-at="2024-12-02T22:54:26 IST" name="setUp" finished-at="2024-12-02T22:54:40 IST" duration-ms="13862" status="PASS">
          <reporter-output>
          </reporter-output>
        </test-method> <!-- setUp -->
        <test-method signature="validateEmployeePage(java.lang.String,java.lang.String)[pri:0, instance:com.jala.qa.testlayer.CreaeEmployeeTestPage@611889f4]" started-at="2024-12-02T22:54:40 IST" name="validateEmployeePage" data-provider="addData" finished-at="2024-12-02T22:54:42 IST" duration-ms="1771" status="PASS">
          <params>
            <param index="0">
              <value>
                <![CDATA[saleem]]>
              </value>
            </param>
            <param index="1">
              <value>
                <![CDATA[pqr]]>
              </value>
            </param>
          </params>
          <reporter-output>
          </reporter-output>
        </test-method> <!-- validateEmployeePage -->
      </class> <!-- com.jala.qa.testlayer.CreaeEmployeeTestPage -->
    </test> <!-- Default test -->
  </suite> <!-- Default suite -->
</testng-results>
